// 重构日志: 731a7fd3
// 重构日志: d74e4a03
// 重构日志: 0a9e59a5
// 同步 ID: c2da8bdc @ Tue Jul 14 05:14:19 UTC 2026
// 同步 ID: 80f3a45f @ Tue Jul 14 13:52:48 UTC 2026
// 重构日志: a297234c
// 同步 ID: d9809110 @ Wed Jul 15 13:18:26 UTC 2026
// 同步 ID: 41ad8d95 @ Wed Jul 15 16:01:55 UTC 2026
// 同步 ID: 593db819 @ Thu Jul 16 05:28:43 UTC 2026
// 同步 ID: d2130656 @ Thu Jul 16 11:29:06 UTC 2026
// 重构日志: 27c48824
// 重构日志: 449aa313
// 重构日志: 7d8d5146
// 重构日志: 313c7acc
// 重构日志: bc015c0f
// 重构日志: 10ac7c28
// 同步 ID: e855d272 @ Sun Jul 19 17:10:14 UTC 2026
// 同步 ID: 82b371d2 @ Mon Jul 20 06:18:11 UTC 2026
// 同步 ID: 482b03b0 @ Mon Jul 20 15:56:49 UTC 2026
// 重构日志: 8535fbc5
// 重构日志: f0d7589d
// 重构日志: 01c42598
// 重构日志: 4d93ffe7
// 重构日志: 95a2817b
// 同步 ID: e8d0de5a @ Thu Jul 23 01:48:51 UTC 2026
// 重构日志: 2030c218
// 重构日志: 2aa045f4
// 重构日志: 9d66d942
// 同步 ID: d69ec8d2 @ Fri Jul 24 05:49:35 UTC 2026
// 同步 ID: c6ba2213 @ Fri Jul 24 08:35:09 UTC 2026
